<?xml version="1.0" encoding="UTF-8"?>
<coverage generated="1755103871">
  <project timestamp="1755103871" name="Clover Coverage">
    <package name="Morpion">
      <file name="/home/adam/Bureau/morpion-php/src/Board.php">
        <class name="Morpion\Board" namespace="Morpion">
          <metrics complexity="19" methods="7" coveredmethods="5" conditionals="0" coveredconditionals="0" statements="35" coveredstatements="26" elements="42" coveredelements="31"/>
        </class>
        <line num="9" type="method" name="__construct" visibility="public" complexity="1" crap="1" count="9"/>
        <line num="11" type="stmt" count="9"/>
        <line num="14" type="method" name="fromString" visibility="public" complexity="6" crap="6.10" count="6"/>
        <line num="17" type="stmt" count="6"/>
        <line num="18" type="stmt" count="6"/>
        <line num="19" type="stmt" count="0"/>
        <line num="21" type="stmt" count="6"/>
        <line num="22" type="stmt" count="6"/>
        <line num="23" type="stmt" count="6"/>
        <line num="24" type="stmt" count="0"/>
        <line num="26" type="stmt" count="6"/>
        <line num="27" type="stmt" count="6"/>
        <line num="28" type="stmt" count="6"/>
        <line num="29" type="stmt" count="6"/>
        <line num="30" type="stmt" count="6"/>
        <line num="31" type="stmt" count="6"/>
        <line num="34" type="stmt" count="6"/>
        <line num="37" type="method" name="get" visibility="public" complexity="1" crap="1" count="9"/>
        <line num="39" type="stmt" count="9"/>
        <line num="42" type="method" name="isEmpty" visibility="public" complexity="1" crap="1" count="4"/>
        <line num="44" type="stmt" count="4"/>
        <line num="47" type="method" name="withMove" visibility="public" complexity="2" crap="2" count="4"/>
        <line num="49" type="stmt" count="4"/>
        <line num="50" type="stmt" count="2"/>
        <line num="52" type="stmt" count="3"/>
        <line num="53" type="stmt" count="3"/>
        <line num="54" type="stmt" count="3"/>
        <line num="58" type="method" name="empties" visibility="public" complexity="4" crap="4" count="3"/>
        <line num="60" type="stmt" count="3"/>
        <line num="61" type="stmt" count="3"/>
        <line num="62" type="stmt" count="3"/>
        <line num="63" type="stmt" count="3"/>
        <line num="64" type="stmt" count="2"/>
        <line num="68" type="stmt" count="3"/>
        <line num="71" type="method" name="__toString" visibility="public" complexity="4" crap="20" count="0"/>
        <line num="73" type="stmt" count="0"/>
        <line num="74" type="stmt" count="0"/>
        <line num="75" type="stmt" count="0"/>
        <line num="76" type="stmt" count="0"/>
        <line num="77" type="stmt" count="0"/>
        <line num="79" type="stmt" count="0"/>
        <line num="81" type="stmt" count="0"/>
        <metrics loc="84" ncloc="81" classes="1" methods="7" coveredmethods="5" conditionals="0" coveredconditionals="0" statements="35" coveredstatements="26" elements="42" coveredelements="31"/>
      </file>
      <file name="/home/adam/Bureau/morpion-php/src/Game.php">
        <class name="Morpion\Game" namespace="Morpion">
          <metrics complexity="7" methods="5" coveredmethods="4" conditionals="0" coveredconditionals="0" statements="10" coveredstatements="9" elements="15" coveredelements="13"/>
        </class>
        <line num="6" type="method" name="__construct" visibility="public" complexity="1" crap="1" count="4"/>
        <line num="9" type="stmt" count="4"/>
        <line num="11" type="method" name="board" visibility="public" complexity="1" crap="1" count="3"/>
        <line num="12" type="method" name="turn" visibility="public" complexity="1" crap="2" count="0"/>
        <line num="14" type="method" name="play" visibility="public" complexity="1" crap="1" count="4"/>
        <line num="16" type="stmt" count="4"/>
        <line num="17" type="stmt" count="3"/>
        <line num="18" type="stmt" count="3"/>
        <line num="21" type="method" name="status" visibility="public" complexity="3" crap="3" count="3"/>
        <line num="23" type="stmt" count="3"/>
        <line num="24" type="stmt" count="3"/>
        <line num="25" type="stmt" count="2"/>
        <line num="26" type="stmt" count="1"/>
        <metrics loc="29" ncloc="29" classes="1" methods="5" coveredmethods="4" conditionals="0" coveredconditionals="0" statements="10" coveredstatements="9" elements="15" coveredelements="13"/>
      </file>
      <file name="/home/adam/Bureau/morpion-php/src/Player.php">
        <class name="Morpion\Player" namespace="Morpion">
          <metrics complexity="2" methods="1" coveredmethods="1" conditionals="0" coveredconditionals="0" statements="1" coveredstatements="1" elements="2" coveredelements="2"/>
        </class>
        <line num="9" type="method" name="other" visibility="public" complexity="2" crap="2" count="3"/>
        <line num="11" type="stmt" count="3"/>
        <metrics loc="14" ncloc="14" classes="1" methods="1" coveredmethods="1" conditionals="0" coveredconditionals="0" statements="1" coveredstatements="1" elements="2" coveredelements="2"/>
      </file>
      <file name="/home/adam/Bureau/morpion-php/src/Position.php">
        <class name="Morpion\Position" namespace="Morpion">
          <metrics complexity="5" methods="1" coveredmethods="1" conditionals="0" coveredconditionals="0" statements="2" coveredstatements="2" elements="3" coveredelements="3"/>
        </class>
        <line num="6" type="method" name="__construct" visibility="public" complexity="5" crap="5" count="7"/>
        <line num="10" type="stmt" count="7"/>
        <line num="11" type="stmt" count="1"/>
        <metrics loc="15" ncloc="15" classes="1" methods="1" coveredmethods="1" conditionals="0" coveredconditionals="0" statements="2" coveredstatements="2" elements="3" coveredelements="3"/>
      </file>
      <file name="/home/adam/Bureau/morpion-php/src/Rules.php">
        <class name="Morpion\Rules" namespace="Morpion">
          <metrics complexity="9" methods="3" coveredmethods="3" conditionals="0" coveredconditionals="0" statements="21" coveredstatements="21" elements="24" coveredelements="24"/>
        </class>
        <line num="6" type="method" name="winner" visibility="public" complexity="5" crap="5" count="7"/>
        <line num="8" type="stmt" count="7"/>
        <line num="10" type="stmt" count="7"/>
        <line num="11" type="stmt" count="7"/>
        <line num="12" type="stmt" count="7"/>
        <line num="14" type="stmt" count="7"/>
        <line num="15" type="stmt" count="7"/>
        <line num="16" type="stmt" count="7"/>
        <line num="18" type="stmt" count="7"/>
        <line num="19" type="stmt" count="7"/>
        <line num="20" type="stmt" count="7"/>
        <line num="21" type="stmt" count="7"/>
        <line num="22" type="stmt" count="7"/>
        <line num="23" type="stmt" count="7"/>
        <line num="24" type="stmt" count="7"/>
        <line num="26" type="stmt" count="6"/>
        <line num="27" type="stmt" count="6"/>
        <line num="29" type="stmt" count="4"/>
        <line num="32" type="stmt" count="4"/>
        <line num="35" type="method" name="isDraw" visibility="public" complexity="2" crap="2" count="3"/>
        <line num="37" type="stmt" count="3"/>
        <line num="40" type="method" name="ensurePlayable" visibility="public" complexity="2" crap="2" count="5"/>
        <line num="42" type="stmt" count="5"/>
        <line num="43" type="stmt" count="2"/>
        <metrics loc="47" ncloc="44" classes="1" methods="3" coveredmethods="3" conditionals="0" coveredconditionals="0" statements="21" coveredstatements="21" elements="24" coveredelements="24"/>
      </file>
    </package>
    <metrics files="5" loc="189" ncloc="183" classes="5" methods="17" coveredmethods="14" conditionals="0" coveredconditionals="0" statements="69" coveredstatements="59" elements="86" coveredelements="73"/>
  </project>
</coverage>
